[debug] [2023-12-21T23:59:51.409Z] ----------------------------------------------------------------------
[debug] [2023-12-21T23:59:51.411Z] Command:       C:\Program Files\nodejs\node.exe C:\Program Files\nodejs\node_modules\firebase-tools\lib\bin\firebase.js init
[debug] [2023-12-21T23:59:51.412Z] CLI Version:   12.8.0
[debug] [2023-12-21T23:59:51.412Z] Platform:      win32
[debug] [2023-12-21T23:59:51.412Z] Node Version:  v20.5.0
[debug] [2023-12-21T23:59:51.412Z] Time:          Fri Dec 22 2023 05:59:51 GMT+0600 (Bangladesh Standard Time)
[debug] [2023-12-21T23:59:51.412Z] ----------------------------------------------------------------------
[debug] 
[debug] [2023-12-21T23:59:51.424Z] >>> [apiv2][query] GET https://firebase-public.firebaseio.com/cli.json [none]
[debug] [2023-12-21T23:59:51.469Z] > command requires scopes: ["email","openid","https://www.googleapis.com/auth/cloudplatformprojects.readonly","https://www.googleapis.com/auth/firebase","https://www.googleapis.com/auth/cloud-platform"]
[debug] [2023-12-21T23:59:51.470Z] > authorizing via signed-in user (ahfoysal30@gmail.com)
[info] 
     ######## #### ########  ######## ########     ###     ######  ########
     ##        ##  ##     ## ##       ##     ##  ##   ##  ##       ##
     ######    ##  ########  ######   ########  #########  ######  ######
     ##        ##  ##    ##  ##       ##     ## ##     ##       ## ##
     ##       #### ##     ## ######## ########  ##     ##  ######  ########

You're about to initialize a Firebase project in this directory:

  D:\FullStack\taskify\taskify-client

[debug] [2023-12-21T23:59:52.159Z] <<< [apiv2][status] GET https://firebase-public.firebaseio.com/cli.json 200
[debug] [2023-12-21T23:59:52.159Z] <<< [apiv2][body] GET https://firebase-public.firebaseio.com/cli.json {"cloudBuildErrorAfter":1594252800000,"cloudBuildWarnAfter":1590019200000,"defaultNode10After":1594252800000,"minVersion":"3.0.5","node8DeploysDisabledAfter":1613390400000,"node8RuntimeDisabledAfter":1615809600000,"node8WarnAfter":1600128000000}
[info] 
=== Project Setup
[info] 
[info] First, let's associate this project directory with a Firebase project.
[info] You can create multiple project aliases by running firebase use --add, 
[info] but for now we'll just set up a default project.
[info] 
[info] i  If you want to create a project in a Google Cloud organization or folder, please use "firebase projects:create" instead, and return to this command when you've created the project. 
[debug] [2023-12-22T00:03:18.701Z] > refreshing access token with scopes: []
[debug] [2023-12-22T00:03:18.702Z] >>> [apiv2][query] POST https://www.googleapis.com/oauth2/v3/token [none]
[debug] [2023-12-22T00:03:18.702Z] >>> [apiv2][body] POST https://www.googleapis.com/oauth2/v3/token [omitted]
[debug] [2023-12-22T00:03:18.981Z] <<< [apiv2][status] POST https://www.googleapis.com/oauth2/v3/token 200
[debug] [2023-12-22T00:03:18.981Z] <<< [apiv2][body] POST https://www.googleapis.com/oauth2/v3/token [omitted]
[debug] [2023-12-22T00:03:18.993Z] >>> [apiv2][query] POST https://cloudresourcemanager.googleapis.com/v1/projects [none]
[debug] [2023-12-22T00:03:18.993Z] >>> [apiv2][body] POST https://cloudresourcemanager.googleapis.com/v1/projects {"projectId":"taskify","name":"taskify"}
[debug] [2023-12-22T00:03:20.657Z] <<< [apiv2][status] POST https://cloudresourcemanager.googleapis.com/v1/projects 409
[debug] [2023-12-22T00:03:20.657Z] <<< [apiv2][body] POST https://cloudresourcemanager.googleapis.com/v1/projects {"error":{"code":409,"message":"Requested entity already exists","status":"ALREADY_EXISTS"}}
[debug] [2023-12-22T00:03:20.666Z] FirebaseError: HTTP Error: 409, Requested entity already exists
    at responseToError (C:\Users\FOYSAL\AppData\Roaming\nvm\v20.5.0\node_modules\firebase-tools\lib\responseToError.js:49:12)
    at RetryOperation._fn (C:\Users\FOYSAL\AppData\Roaming\nvm\v20.5.0\node_modules\firebase-tools\lib\apiv2.js:285:77)
    at process.processTicksAndRejections (node:internal/process/task_queues:95:5)
[error] 
[error] Error: Failed to create project because there is already a project with ID taskify. Please try again with a unique project ID.
